Project Information                               e:\finalproject\statebox.rpt

MAX+plus II Compiler Report File
Version 10.2 07/10/2002
Compiled: 12/15/2016 03:12:40

Copyright (C) 1988-2002 Altera Corporation
Any megafunction design, and related net list (encrypted or decrypted),
support information, device programming or simulation file, and any other
associated documentation or information provided by Altera or a partner
under Altera's Megafunction Partnership Program may be used only to
program PLD devices (but not masked PLD devices) from Altera.  Any other
use of such megafunction design, net list, support information, device
programming or simulation file, or any other related documentation or
information is prohibited for any other purpose, including, but not
limited to modification, reverse engineering, de-compiling, or use with
any other silicon devices, unless such use is explicitly licensed under
a separate agreement with Altera or a megafunction partner.  Title to
the intellectual property, including patents, copyrights, trademarks,
trade secrets, or maskworks, embodied in any such megafunction design,
net list, support information, device programming or simulation file, or
any other related documentation or information provided by Altera or a
megafunction partner, remains with Altera, the megafunction partner, or
their respective licensors.  No other licenses, including any licenses
needed under any third party's intellectual property, are provided herein.



***** Project compilation was successful




** DEVICE SUMMARY **

Chip/                     Input   Output   Bidir         Shareable
POF       Device          Pins    Pins     Pins     LCs  Expanders  % Utilized

statebox  EPM7128SLC84-15  4        10       0      10      0           7  %

User Pins:                 4        10       0  



Project Information                               e:\finalproject\statebox.rpt

** AUTO GLOBAL SIGNALS **



INFO: Signal 'clk' chosen for auto global Clock


Project Information                               e:\finalproject\statebox.rpt

** FILE HIERARCHY **



|lpm_add_sub:64|
|lpm_add_sub:64|addcore:adder|
|lpm_add_sub:64|addcore:adder|addcore:adder0|
|lpm_add_sub:64|altshift:result_ext_latency_ffs|
|lpm_add_sub:64|altshift:carry_ext_latency_ffs|
|lpm_add_sub:64|altshift:oflow_ext_latency_ffs|
|lpm_add_sub:65|
|lpm_add_sub:65|addcore:adder|
|lpm_add_sub:65|addcore:adder|addcore:adder0|
|lpm_add_sub:65|altshift:result_ext_latency_ffs|
|lpm_add_sub:65|altshift:carry_ext_latency_ffs|
|lpm_add_sub:65|altshift:oflow_ext_latency_ffs|
|lpm_add_sub:66|
|lpm_add_sub:66|addcore:adder|
|lpm_add_sub:66|addcore:adder|addcore:adder0|
|lpm_add_sub:66|altshift:result_ext_latency_ffs|
|lpm_add_sub:66|altshift:carry_ext_latency_ffs|
|lpm_add_sub:66|altshift:oflow_ext_latency_ffs|


Device-Specific Information:                      e:\finalproject\statebox.rpt
statebox

***** Logic for device 'statebox' compiled without errors.




Device: EPM7128SLC84-15

Device Options:
    Turbo Bit                                    = ON
    Security Bit                                 = OFF
    Enable JTAG Support                        = ON
    User Code                                  = ffff
    MultiVolt I/O                              = OFF

                    R  R     R  R  R                                p        
                    E  E     E  E  E                    s  s        r  s  s  
              c  c  S  S     S  S  S  V                 c  c        o  c  c  
              h  h  E  E     E  E  E  C                 o  o  r  V  b  o  o  
              e  e  R  R     R  R  R  C                 r  r  e  C  l  r  r  
              c  c  V  V  G  V  V  V  I  G  G  G  c  G  e  e  s  C  e  e  e  
              k  k  E  E  N  E  E  E  N  N  N  N  l  N  B  A  e  I  m  A  B  
              1  2  D  D  D  D  D  D  T  D  D  D  k  D  2  2  t  O  0  1  0  
            -----------------------------------------------------------------_ 
          /  11 10  9  8  7  6  5  4  3  2  1 84 83 82 81 80 79 78 77 76 75   | 
   ready | 12                                                              74 | scoreB1 
   VCCIO | 13                                                              73 | scoreA0 
    #TDI | 14                                                              72 | GND 
RESERVED | 15                                                              71 | #TDO 
RESERVED | 16                                                              70 | RESERVED 
RESERVED | 17                                                              69 | RESERVED 
RESERVED | 18                                                              68 | RESERVED 
     GND | 19                                                              67 | RESERVED 
RESERVED | 20                                                              66 | VCCIO 
RESERVED | 21                                                              65 | RESERVED 
RESERVED | 22                       EPM7128SLC84-15                        64 | problem2 
    #TMS | 23                                                              63 | problem1 
RESERVED | 24                                                              62 | #TCK 
RESERVED | 25                                                              61 | RESERVED 
   VCCIO | 26                                                              60 | RESERVED 
RESERVED | 27                                                              59 | GND 
RESERVED | 28                                                              58 | RESERVED 
RESERVED | 29                                                              57 | RESERVED 
RESERVED | 30                                                              56 | RESERVED 
RESERVED | 31                                                              55 | RESERVED 
     GND | 32                                                              54 | RESERVED 
         |_  33 34 35 36 37 38 39 40 41 42 43 44 45 46 47 48 49 50 51 52 53  _| 
           ------------------------------------------------------------------ 
              R  R  R  R  R  V  R  R  R  G  V  R  R  R  G  R  R  R  R  R  V  
              E  E  E  E  E  C  E  E  E  N  C  E  E  E  N  E  E  E  E  E  C  
              S  S  S  S  S  C  S  S  S  D  C  S  S  S  D  S  S  S  S  S  C  
              E  E  E  E  E  I  E  E  E     I  E  E  E     E  E  E  E  E  I  
              R  R  R  R  R  O  R  R  R     N  R  R  R     R  R  R  R  R  O  
              V  V  V  V  V     V  V  V     T  V  V  V     V  V  V  V  V     
              E  E  E  E  E     E  E  E        E  E  E     E  E  E  E  E     
              D  D  D  D  D     D  D  D        D  D  D     D  D  D  D  D     


N.C. = No Connect. This pin has no internal connection to the device.
VCCINT = Dedicated power pin, which MUST be connected to VCC (5.0 volts).
VCCIO = Dedicated power pin, which MUST be connected to VCC (5.0 volts).
GND = Dedicated ground pin or unused dedicated input, which MUST be connected to GND.
RESERVED = Unused I/O pin, which MUST be left unconnected.

^ = Dedicated configuration pin.
+ = Reserved configuration pin, which is tri-stated during user mode.
* = Reserved configuration pin, which drives out in user mode.
PDn = Power Down pin. 
@ = Special-purpose pin. 
# = JTAG Boundary-Scan Testing/In-System Programming or Configuration Pin. The JTAG inputs TMS and TDI should be tied to VCC and TCK should be tied to GND when not in use.
& = JTAG pin used for I/O. When used as user I/O, JTAG pins must be kept stable before and during configuration.  JTAG pin stability prevents accidental loading of JTAG instructions.


Device-Specific Information:                      e:\finalproject\statebox.rpt
statebox

** RESOURCE USAGE **

                                                Shareable     External
Logic Array Block     Logic Cells   I/O Pins    Expanders   Interconnect

A:     LC1 - LC16     0/16(  0%)   3/ 8( 37%)   0/16(  0%)   0/36(  0%) 
B:    LC17 - LC32     0/16(  0%)   1/ 8( 12%)   0/16(  0%)   0/36(  0%) 
C:    LC33 - LC48     0/16(  0%)   1/ 8( 12%)   0/16(  0%)   0/36(  0%) 
D:    LC49 - LC64     0/16(  0%)   0/ 8(  0%)   0/16(  0%)   0/36(  0%) 
E:    LC65 - LC80     0/16(  0%)   0/ 8(  0%)   0/16(  0%)   0/36(  0%) 
F:    LC81 - LC96     0/16(  0%)   1/ 8( 12%)   0/16(  0%)   0/36(  0%) 
G:   LC97 - LC112     2/16( 12%)   3/ 8( 37%)   0/16(  0%)   3/36(  8%) 
H:  LC113 - LC128     8/16( 50%)   8/ 8(100%)   0/16(  0%)   7/36( 19%) 


Total dedicated input pins used:                 1/4      ( 25%)
Total I/O pins used:                            17/64     ( 26%)
Total logic cells used:                         10/128    (  7%)
Total shareable expanders used:                  0/128    (  0%)
Total Turbo logic cells used:                   10/128    (  7%)
Total shareable expanders not available (n/a):   0/128    (  0%)
Average fan-in:                                  4.40
Total fan-in:                                    44

Total input pins required:                       4
Total fast input logic cells required:           0
Total output pins required:                     10
Total bidirectional pins required:               0
Total reserved pins required                     4
Total logic cells required:                     10
Total flipflops required:                       10
Total product terms required:                   19
Total logic cells lending parallel expanders:    0
Total shareable expanders in database:           0

Synthesized logic cells:                         0/ 128   (  0%)



Device-Specific Information:                      e:\finalproject\statebox.rpt
statebox

** INPUTS **

                                         Shareable
                                         Expanders     Fan-In    Fan-Out
 Pin     LC  LAB  Primitive    Code   Total Shared n/a INP  FBK  OUT  FBK  Name
  11    (5)  (A)      INPUT               0      0   0    0    0    3    0  check1
  10    (6)  (A)      INPUT               0      0   0    0    0    3    0  check2
  83      -   -       INPUT  G            0      0   0    0    0    0    0  clk
  12    (3)  (A)      INPUT               0      0   0    0    0   10    0  ready


Code:

s = Synthesized pin or logic cell
t = Turbo logic cell
+ = Synchronous flipflop
/ = Slow slew-rate output
! = NOT gate push-back
r = Fitter-inserted logic cell
G = Global Source. Fan-out destinations counted here do not include destinations
that are driven using global routing resources. Refer to the Auto Global Signals,
Clock Signals, Clear Signals, Synchronous Load Signals, and Synchronous Clear Signals
Sections of this Report File for information on which signals' fan-outs are used as
Clock, Clear, Preset, Output Enable, and synchronous Load signals.


Device-Specific Information:                      e:\finalproject\statebox.rpt
statebox

** OUTPUTS **

                                         Shareable
                                         Expanders     Fan-In    Fan-Out
 Pin     LC  LAB  Primitive    Code   Total Shared n/a INP  FBK  OUT  FBK  Name
  77    123    H         FF   +  t        0      0   0    1    0    2    0  problem0
  63     97    G         FF   +  t        0      0   0    1    1    1    0  problem1
  64     99    G         FF   +  t        0      0   0    1    2    0    0  problem2
  79    125    H         FF   +  t        0      0   0    1    0    0    0  reset
  73    115    H         FF   +  t        0      0   0    2    0    2    0  scoreA0
  76    120    H         FF   +  t        0      0   0    2    1    1    0  scoreA1
  80    126    H         FF   +  t        0      0   0    2    2    0    0  scoreA2
  75    118    H         FF   +  t        0      0   0    2    0    2    0  scoreB0
  74    117    H         FF   +  t        0      0   0    2    1    1    0  scoreB1
  81    128    H         FF   +  t        0      0   0    2    2    0    0  scoreB2


Code:

s = Synthesized pin or logic cell
t = Turbo logic cell
+ = Synchronous flipflop
/ = Slow slew-rate output
! = NOT gate push-back
r = Fitter-inserted logic cell


Device-Specific Information:                      e:\finalproject\statebox.rpt
statebox

** LOGIC CELL INTERCONNECTIONS **

Logic Array Block 'G':

             Logic cells placed in LAB 'G'
        +--- LC97 problem1
        | +- LC99 problem2
        | | 
        | |   Other LABs fed by signals
        | |   that feed LAB 'G'
LC      | | | A B C D E F G H |     Logic cells that feed LAB 'G':
LC97 -> * * | - - - - - - * - | <-- problem1

Pin
83   -> - - | - - - - - - - - | <-- clk
12   -> * * | - - - - - - * * | <-- ready
LC123-> * * | - - - - - - * - | <-- problem0


* = The logic cell or pin is an input to the logic cell (or LAB) through the PIA.
- = The logic cell or pin is not an input to the logic cell (or LAB).


Device-Specific Information:                      e:\finalproject\statebox.rpt
statebox

** LOGIC CELL INTERCONNECTIONS **

Logic Array Block 'H':

                         Logic cells placed in LAB 'H'
        +--------------- LC123 problem0
        | +------------- LC125 reset
        | | +----------- LC115 scoreA0
        | | | +--------- LC120 scoreA1
        | | | | +------- LC126 scoreA2
        | | | | | +----- LC118 scoreB0
        | | | | | | +--- LC117 scoreB1
        | | | | | | | +- LC128 scoreB2
        | | | | | | | | 
        | | | | | | | |   Other LABs fed by signals
        | | | | | | | |   that feed LAB 'H'
LC      | | | | | | | | | A B C D E F G H |     Logic cells that feed LAB 'H':
LC115-> - - * * * - - - | - - - - - - - * | <-- scoreA0
LC120-> - - - * * - - - | - - - - - - - * | <-- scoreA1
LC118-> - - - - - * * * | - - - - - - - * | <-- scoreB0
LC117-> - - - - - - * * | - - - - - - - * | <-- scoreB1

Pin
11   -> - - * * * - - - | - - - - - - - * | <-- check1
10   -> - - - - - * * * | - - - - - - - * | <-- check2
83   -> - - - - - - - - | - - - - - - - - | <-- clk
12   -> * * * * * * * * | - - - - - - * * | <-- ready


* = The logic cell or pin is an input to the logic cell (or LAB) through the PIA.
- = The logic cell or pin is not an input to the logic cell (or LAB).


Device-Specific Information:                      e:\finalproject\statebox.rpt
statebox

** EQUATIONS **

check1   : INPUT;
check2   : INPUT;
clk      : INPUT;
ready    : INPUT;

-- Node name is 'problem0' = ':60' 
-- Equation name is 'problem0', type is output 
 problem0 = TFFE( VCC, GLOBAL(!clk),  VCC,  VCC,  ready);

-- Node name is 'problem1' = ':59' 
-- Equation name is 'problem1', type is output 
 problem1 = TFFE( problem0, GLOBAL(!clk),  VCC,  VCC,  ready);

-- Node name is 'problem2' = ':58' 
-- Equation name is 'problem2', type is output 
 problem2 = TFFE( _EQ001, GLOBAL(!clk),  VCC,  VCC,  ready);
  _EQ001 =  problem0 &  problem1;

-- Node name is 'reset' = ':20' 
-- Equation name is 'reset', type is output 
 reset   = DFFE( ready $  GND, GLOBAL(!clk),  VCC,  VCC,  VCC);

-- Node name is 'scoreA0' = ':35' 
-- Equation name is 'scoreA0', type is output 
 scoreA0 = TFFE( check1, GLOBAL(!clk),  VCC,  VCC,  ready);

-- Node name is 'scoreA1' = ':34' 
-- Equation name is 'scoreA1', type is output 
 scoreA1 = TFFE( _EQ002, GLOBAL(!clk),  VCC,  VCC,  ready);
  _EQ002 =  check1 &  scoreA0;

-- Node name is 'scoreA2' = ':33' 
-- Equation name is 'scoreA2', type is output 
 scoreA2 = TFFE( _EQ003, GLOBAL(!clk),  VCC,  VCC,  ready);
  _EQ003 =  check1 &  scoreA0 &  scoreA1;

-- Node name is 'scoreB0' = ':53' 
-- Equation name is 'scoreB0', type is output 
 scoreB0 = TFFE( check2, GLOBAL(!clk),  VCC,  VCC,  ready);

-- Node name is 'scoreB1' = ':52' 
-- Equation name is 'scoreB1', type is output 
 scoreB1 = TFFE( _EQ004, GLOBAL(!clk),  VCC,  VCC,  ready);
  _EQ004 =  check2 &  scoreB0;

-- Node name is 'scoreB2' = ':51' 
-- Equation name is 'scoreB2', type is output 
 scoreB2 = TFFE( _EQ005, GLOBAL(!clk),  VCC,  VCC,  ready);
  _EQ005 =  check2 &  scoreB0 &  scoreB1;



--     Shareable expanders that are duplicated in multiple LABs:
--     (none)




Project Information                               e:\finalproject\statebox.rpt

** COMPILATION SETTINGS & TIMES **

Processing Menu Commands
------------------------

Design Doctor                             = off

Logic Synthesis:

   Synthesis Type Used                    = Standard

   Default Synthesis Style                = NORMAL

      Logic option settings in 'NORMAL' style for 'MAX7000S' family

      DECOMPOSE_GATES                     = on
      DUPLICATE_LOGIC_EXTRACTION          = on
      MINIMIZATION                        = full
      MULTI_LEVEL_FACTORING               = on
      NOT_GATE_PUSH_BACK                  = on
      PARALLEL_EXPANDERS                  = off
      REDUCE_LOGIC                        = on
      REFACTORIZATION                     = on
      REGISTER_OPTIMIZATION               = on
      RESYNTHESIZE_NETWORK                = on
      SLOW_SLEW_RATE                      = off
      SOFT_BUFFER_INSERTION               = on
      SUBFACTOR_EXTRACTION                = on
      TURBO_BIT                           = on
      XOR_SYNTHESIS                       = on
      IGNORE_SOFT_BUFFERS                 = off
      USE_LPM_FOR_AHDL_OPERATORS          = off

   Other logic synthesis settings:

      Automatic Global Clock              = on
      Automatic Global Clear              = on
      Automatic Global Preset             = on
      Automatic Global Output Enable      = on
      Automatic Fast I/O                  = off
      Automatic Register Packing          = off
      Automatic Open-Drain Pins           = on
      Automatic Implement in EAB          = off
      One-Hot State Machine Encoding      = off
      Optimize                            = 5

Default Timing Specifications: None

Cut All Bidir Feedback Timing Paths       = on
Cut All Clear & Preset Timing Paths       = on

Ignore Timing Assignments                 = off

Functional SNF Extractor                  = off

Linked SNF Extractor                      = off
Timing SNF Extractor                      = on
Optimize Timing SNF                       = off
Generate AHDL TDO File                    = off
Fitter Settings                           = NORMAL
Smart Recompile                           = off
Total Recompile                           = off

Interfaces Menu Commands
------------------------

EDIF Netlist Writer                       = off
Verilog Netlist Writer                    = off
VHDL Netlist Writer                       = off

Compilation Times
-----------------

   Compiler Netlist Extractor             00:00:00
   Database Builder                       00:00:00
   Logic Synthesizer                      00:00:00
   Partitioner                            00:00:00
   Fitter                                 00:00:00
   Timing SNF Extractor                   00:00:00
   Assembler                              00:00:01
   --------------------------             --------
   Total Time                             00:00:01


Memory Allocated
-----------------

Peak memory allocated during compilation  = 10,632K
